<?xml version="1.0" encoding="UTF-8"?>
<!-- Generated by org.testng.reporters.JUnitReportReporter -->
<testsuite hostname="Darshit" failures="0" tests="2" name="precticTestNG.NewTest" time="0.025" errors="0" timestamp="22 May 2023 09:34:10 GMT" skipped="0">
  <testcase classname="precticTestNG.NewTest" name="login" time="0.011"/>
  <testcase classname="precticTestNG.NewTest" name="sendFrindRequest" time="0.014"/>
</testsuite> <!-- precticTestNG.NewTest -->
