<?xml version="1.0" encoding="UTF-8"?>
<!-- Generated by org.testng.reporters.JUnitReportReporter -->
<testsuite hostname="Darshit" failures="0" tests="2" name="lerarnTesting.ClassTwo" time="0.022" errors="0" timestamp="23 May 2023 05:23:33 GMT" skipped="0">
  <testcase classname="lerarnTesting.ClassTwo" name="nameD" time="0.018"/>
  <testcase classname="lerarnTesting.ClassTwo" name="nameE" time="0.004"/>
</testsuite> <!-- lerarnTesting.ClassTwo -->
