<?xml version="1.0" encoding="UTF-8"?>
<!-- Generated by org.testng.reporters.JUnitReportReporter -->
<testsuite hostname="Darshit" failures="0" tests="3" name="lerarnTesting.ClassOne" time="0.013" errors="0" timestamp="23 May 2023 05:23:33 GMT" skipped="0">
  <testcase classname="lerarnTesting.ClassOne" name="nameA" time="0.005"/>
  <testcase classname="lerarnTesting.ClassOne" name="nameC" time="0.005"/>
  <testcase classname="lerarnTesting.ClassOne" name="nameB" time="0.003"/>
</testsuite> <!-- lerarnTesting.ClassOne -->
