<?xml version="1.0" encoding="UTF-8"?>
<!-- Generated by org.testng.reporters.JUnitReportReporter -->
<testsuite hostname="Darshit" failures="0" tests="3" name="lerarnTesting.ClassThree" time="0.022" errors="0" timestamp="23 May 2023 05:23:32 GMT" skipped="0">
  <testcase classname="lerarnTesting.ClassThree" name="nameG" time="0.005"/>
  <testcase classname="lerarnTesting.ClassThree" name="nameF" time="0.010"/>
  <testcase classname="lerarnTesting.ClassThree" name="nameE" time="0.007"/>
</testsuite> <!-- lerarnTesting.ClassThree -->
