<?xml version="1.0" encoding="UTF-8"?>
<!-- Generated by org.testng.reporters.JUnitReportReporter -->
<testsuite hostname="Darshit" failures="0" tests="1" name="base.BaseTest" time="6.650" errors="0" timestamp="2023-06-03T22:51:12 IST" skipped="0">
  <testcase classname="base.BaseTest" name="setUp" time="6.650"/>
  <system-out/>
</testsuite> <!-- base.BaseTest -->
